<?xml version="1.0" encoding="UTF-8"?>
<!-- Generated by org.testng.reporters.JUnitReportReporter -->
<testsuite skipped="0" hostname="ambavaram" name="DataProviders.DataProviderClass" tests="2" failures="0" timestamp="2020-06-24T17:31:21 EDT" time="0.022" errors="0">
  <testcase name="loginTest" time="0.015" classname="DataProviders.DataProviderClass"/>
  <system-out/>
  <testcase name="loginTest" time="0.007" classname="DataProviders.DataProviderClass"/>
  <system-out/>
</testsuite> <!-- DataProviders.DataProviderClass -->
