<?xml version="1.0" encoding="UTF-8"?>
<!-- Generated by org.testng.reporters.JUnitReportReporter -->
<testsuite skipped="1" hostname="ambavaram" name="TestCase6" tests="5" failures="0" timestamp="2020-05-12T12:06:46 EDT" time="0.020" errors="0">
  <testcase name="b_test" time="0.002" classname="TestCase6"/>
  <system-out/>
  <testcase name="ztest" time="0.003" classname="TestCase6"/>
  <system-out/>
  <testcase name="atest" time="0.014" classname="TestCase6"/>
  <system-out/>
  <testcase name="f_test" time="0.001" classname="TestCase6"/>
  <system-out/>
  <testcase name="d_test" classname="TestCase6">
    <skipped/>
  </testcase> <!-- d_test -->
  <system-out/>
</testsuite> <!-- TestCase6 -->
