<?xml version="1.0" encoding="UTF-8"?>
<!-- Generated by org.testng.reporters.JUnitReportReporter -->
<testsuite skipped="0" hostname="ambavaram" name="TestCase1" tests="1" failures="0" timestamp="2020-05-15T17:37:26 EDT" time="37.231" errors="0">
  <testcase name="verifyTitle" time="37.231" classname="TestCase1"/>
  <system-out/>
</testsuite> <!-- TestCase1 -->
