<?xml version="1.0" encoding="UTF-8"?>
<!-- Generated by org.testng.reporters.JUnitReportReporter -->
<testsuite skipped="0" hostname="ambavaram" name="HandleScroll" tests="1" failures="0" timestamp="2020-05-15T13:28:55 EDT" time="20.480" errors="0">
  <testcase name="scrollDown" time="20.480" classname="HandleScroll"/>
  <system-out/>
</testsuite> <!-- HandleScroll -->
