<?xml version="1.0" encoding="UTF-8"?>
<!-- Generated by org.testng.reporters.JUnitReportReporter -->
<testsuite skipped="1" hostname="ambavaram" name="NewTest" tests="3" failures="0" timestamp="2020-05-15T17:37:46 EDT" time="0.026" errors="0">
  <testcase name="d_test" time="0.022" classname="NewTest"/>
  <system-out/>
  <testcase name="b_test" time="0.004" classname="NewTest"/>
  <system-out/>
  <testcase name="c_test" classname="NewTest">
    <skipped/>
  </testcase> <!-- c_test -->
  <system-out/>
</testsuite> <!-- NewTest -->
